2024-06-29 13:43:34,719 [INFO] Watching for file changes with StatReloader
2024-06-29 13:43:42,855 [INFO] "GET / HTTP/1.1" 200 3627
2024-06-29 13:43:45,080 [INFO] "GET /login/ HTTP/1.1" 200 3566
2024-06-29 13:43:52,754 [INFO] "POST /login/ HTTP/1.1" 302 0
2024-06-29 13:43:52,769 [INFO] "GET /home/ HTTP/1.1" 200 1289
2024-06-29 13:44:31,880 [INFO] "GET /logout/ HTTP/1.1" 302 0
2024-06-29 13:44:31,890 [INFO] "GET /login/ HTTP/1.1" 200 3566
2024-06-29 13:50:15,420 [INFO] Watching for file changes with StatReloader
2024-06-29 13:50:18,344 [INFO] "GET / HTTP/1.1" 200 3627
2024-06-29 13:50:20,200 [INFO] "GET /login/ HTTP/1.1" 200 3566
2024-06-29 13:50:28,737 [INFO] "POST /login/ HTTP/1.1" 302 0
2024-06-29 13:50:28,752 [INFO] "GET /home/ HTTP/1.1" 200 1289
2024-06-29 13:51:08,336 [INFO] "GET /logout/ HTTP/1.1" 302 0
2024-06-29 13:51:08,345 [INFO] "GET /login/ HTTP/1.1" 200 3566
2024-06-29 13:53:58,012 [INFO] Watching for file changes with StatReloader
2024-06-29 13:54:01,926 [INFO] "GET / HTTP/1.1" 200 3627
2024-06-29 13:54:03,781 [INFO] "GET /login/ HTTP/1.1" 200 3566
2024-06-29 13:54:12,044 [INFO] "POST /login/ HTTP/1.1" 302 0
2024-06-29 13:54:12,058 [INFO] "GET /home/ HTTP/1.1" 200 1289
2024-06-29 13:59:29,839 [INFO] /Users/veedantbrahmbhatt/Jio/django_codes/Djando_venv/LoginSignup/myapp/middleware.py changed, reloading.
2024-06-29 13:59:30,542 [INFO] Watching for file changes with StatReloader
2024-06-29 13:59:36,136 [INFO] "GET / HTTP/1.1" 200 3627
2024-06-29 13:59:37,984 [INFO] "GET /login/ HTTP/1.1" 200 3566
2024-06-29 13:59:47,385 [INFO] "POST /login/ HTTP/1.1" 302 0
2024-06-29 13:59:47,434 [ERROR] Internal Server Error: /home/
Traceback (most recent call last):
  File "/Users/veedantbrahmbhatt/Jio/django_codes/Djando_venv/lib/python3.11/site-packages/django/core/handlers/exception.py", line 55, in inner
    response = get_response(request)
               ^^^^^^^^^^^^^^^^^^^^^
  File "/Users/veedantbrahmbhatt/Jio/django_codes/Djando_venv/LoginSignup/myapp/middleware.py", line 98, in __call__
    start_time = datetime.fromtimestamp(session_start_time, timezone.utc)
                                                            ^^^^^^^^^^^^
AttributeError: module 'django.utils.timezone' has no attribute 'utc'
2024-06-29 13:59:47,435 [ERROR] "GET /home/ HTTP/1.1" 500 58216
2024-06-29 14:01:04,002 [INFO] /Users/veedantbrahmbhatt/Jio/django_codes/Djando_venv/LoginSignup/myapp/middleware.py changed, reloading.
2024-06-29 14:01:04,533 [INFO] Watching for file changes with StatReloader
2024-06-29 14:01:06,574 [INFO] "GET / HTTP/1.1" 200 3627
2024-06-29 14:01:08,146 [INFO] "GET /login/ HTTP/1.1" 200 3566
2024-06-29 14:01:15,439 [INFO] "POST /login/ HTTP/1.1" 302 0
2024-06-29 14:01:15,477 [ERROR] Internal Server Error: /home/
Traceback (most recent call last):
  File "/Users/veedantbrahmbhatt/Jio/django_codes/Djando_venv/lib/python3.11/site-packages/django/core/handlers/exception.py", line 55, in inner
    response = get_response(request)
               ^^^^^^^^^^^^^^^^^^^^^
  File "/Users/veedantbrahmbhatt/Jio/django_codes/Djando_venv/LoginSignup/myapp/middleware.py", line 100, in __call__
    start_time = datetime.fromtimestamp(session_start_time, tz=timezone.utc)
                                                               ^^^^^^^^^^^^
AttributeError: module 'django.utils.timezone' has no attribute 'utc'
2024-06-29 14:01:15,478 [ERROR] "GET /home/ HTTP/1.1" 500 58233
2024-06-29 14:02:22,724 [INFO] /Users/veedantbrahmbhatt/Jio/django_codes/Djando_venv/LoginSignup/myapp/middleware.py changed, reloading.
2024-06-29 14:02:23,405 [INFO] Watching for file changes with StatReloader
2024-06-29 14:04:04,588 [INFO] "GET / HTTP/1.1" 200 3627
2024-06-29 14:04:06,198 [INFO] "GET /login/ HTTP/1.1" 200 3566
2024-06-29 14:04:12,928 [INFO] "POST /login/ HTTP/1.1" 302 0
2024-06-29 14:04:12,975 [ERROR] Internal Server Error: /home/
Traceback (most recent call last):
  File "/Users/veedantbrahmbhatt/Jio/django_codes/Djando_venv/lib/python3.11/site-packages/django/core/handlers/exception.py", line 55, in inner
    response = get_response(request)
               ^^^^^^^^^^^^^^^^^^^^^
  File "/Users/veedantbrahmbhatt/Jio/django_codes/Djando_venv/LoginSignup/myapp/middleware.py", line 100, in __call__
    start_time = datetime.fromtimestamp(session_start_time, tz=timezone.utc)
                                                               ^^^^^^^^^^^^
AttributeError: module 'django.utils.timezone' has no attribute 'utc'
2024-06-29 14:04:12,976 [ERROR] "GET /home/ HTTP/1.1" 500 58233
2024-06-29 14:05:46,132 [INFO] /Users/veedantbrahmbhatt/Jio/django_codes/Djando_venv/LoginSignup/myapp/middleware.py changed, reloading.
2024-06-29 14:05:46,823 [INFO] Watching for file changes with StatReloader
2024-06-29 14:05:48,864 [INFO] "GET / HTTP/1.1" 200 3627
2024-06-29 14:05:51,238 [INFO] "GET /login/ HTTP/1.1" 200 3566
2024-06-29 14:05:57,502 [INFO] "POST /login/ HTTP/1.1" 302 0
2024-06-29 14:05:57,548 [ERROR] Internal Server Error: /home/
Traceback (most recent call last):
  File "/Users/veedantbrahmbhatt/Jio/django_codes/Djando_venv/lib/python3.11/site-packages/django/core/handlers/exception.py", line 55, in inner
    response = get_response(request)
               ^^^^^^^^^^^^^^^^^^^^^
  File "/Users/veedantbrahmbhatt/Jio/django_codes/Djando_venv/LoginSignup/myapp/middleware.py", line 119, in __call__
    current_time = timezone.now().timestamp()
                   ^^^^^^^^
NameError: name 'timezone' is not defined
2024-06-29 14:05:57,549 [ERROR] "GET /home/ HTTP/1.1" 500 57284
2024-06-29 14:06:26,632 [INFO] /Users/veedantbrahmbhatt/Jio/django_codes/Djando_venv/LoginSignup/myapp/middleware.py changed, reloading.
2024-06-29 14:06:27,089 [INFO] Watching for file changes with StatReloader
2024-06-29 14:06:33,990 [INFO] "GET / HTTP/1.1" 200 3627
2024-06-29 14:06:35,504 [INFO] "GET /login/ HTTP/1.1" 200 3566
2024-06-29 14:06:42,099 [INFO] "POST /login/ HTTP/1.1" 302 0
2024-06-29 14:06:42,115 [INFO] "GET /home/ HTTP/1.1" 200 1289
2024-06-29 14:07:03,960 [INFO] "GET /logout/ HTTP/1.1" 302 0
2024-06-29 14:07:03,972 [INFO] "GET /login/ HTTP/1.1" 200 3566
2024-06-29 14:10:55,834 [INFO] Watching for file changes with StatReloader
2024-06-29 14:11:00,024 [INFO] "GET / HTTP/1.1" 200 3627
2024-06-29 14:11:01,589 [INFO] "GET /login/ HTTP/1.1" 200 3566
2024-06-29 14:11:12,004 [INFO] "POST /login/ HTTP/1.1" 302 0
2024-06-29 14:11:12,018 [INFO] "GET /home/ HTTP/1.1" 200 1289
2024-06-29 14:11:52,754 [INFO] /Users/veedantbrahmbhatt/Jio/django_codes/Djando_venv/LoginSignup/myapp/middleware.py changed, reloading.
2024-06-29 14:11:53,214 [INFO] Watching for file changes with StatReloader
2024-06-29 14:11:57,741 [INFO] "GET /logout/ HTTP/1.1" 302 0
2024-06-29 14:11:57,752 [INFO] "GET /login/ HTTP/1.1" 200 3566
2024-06-29 14:13:28,724 [INFO] Watching for file changes with StatReloader
2024-06-29 14:13:31,704 [INFO] "GET / HTTP/1.1" 200 3627
2024-06-29 14:13:36,123 [INFO] "GET /login/ HTTP/1.1" 200 3566
2024-06-29 14:13:43,188 [INFO] "POST /login/ HTTP/1.1" 302 0
2024-06-29 14:13:43,202 [INFO] "GET /home/ HTTP/1.1" 200 1289
2024-06-29 14:14:09,681 [INFO] "GET /logout/ HTTP/1.1" 302 0
2024-06-29 14:14:09,690 [INFO] "GET /login/ HTTP/1.1" 200 3566
2024-06-29 14:16:40,025 [INFO] /Users/veedantbrahmbhatt/Jio/django_codes/Djando_venv/LoginSignup/myapp/middleware.py changed, reloading.
2024-06-29 14:16:40,658 [INFO] Watching for file changes with StatReloader
2024-06-29 14:17:06,327 [INFO] Watching for file changes with StatReloader
2024-06-29 14:28:41,369 [INFO] Watching for file changes with StatReloader
2024-06-29 14:29:04,973 [INFO] Watching for file changes with StatReloader
2024-06-29 14:29:08,933 [INFO] "GET / HTTP/1.1" 200 3627
2024-06-29 14:29:11,603 [INFO] "GET /login/ HTTP/1.1" 200 3566
2024-06-29 14:29:17,943 [INFO] "POST /login/ HTTP/1.1" 302 0
2024-06-29 14:29:17,959 [INFO] "GET /home/ HTTP/1.1" 200 1289
2024-06-29 14:29:36,772 [INFO] "GET /logout/ HTTP/1.1" 302 0
2024-06-29 14:29:36,782 [INFO] "GET /login/ HTTP/1.1" 200 3566
2024-06-29 14:31:22,807 [INFO] /Users/veedantbrahmbhatt/Jio/django_codes/Djando_venv/LoginSignup/myapp/views.py changed, reloading.
2024-06-29 14:31:23,559 [INFO] Watching for file changes with StatReloader
2024-06-29 14:31:33,737 [INFO] "GET /login/ HTTP/1.1" 200 3566
2024-06-29 14:31:41,350 [INFO] "POST /login/ HTTP/1.1" 302 0
2024-06-29 14:31:41,364 [INFO] "GET /home/ HTTP/1.1" 200 1289
2024-06-29 14:31:54,203 [INFO] /Users/veedantbrahmbhatt/Jio/django_codes/Djando_venv/LoginSignup/myapp/views.py changed, reloading.
2024-06-29 14:31:54,853 [INFO] Watching for file changes with StatReloader
2024-06-29 14:31:58,301 [INFO] "GET /logout/ HTTP/1.1" 302 0
2024-06-29 14:31:58,312 [INFO] "GET /login/ HTTP/1.1" 200 3566
2024-06-29 14:32:00,929 [INFO] "GET /login/ HTTP/1.1" 200 3566
2024-06-29 14:32:09,411 [INFO] "POST /login/ HTTP/1.1" 302 0
2024-06-29 14:32:09,426 [INFO] "GET /home/ HTTP/1.1" 200 1289
2024-06-29 14:32:49,747 [INFO] /Users/veedantbrahmbhatt/Jio/django_codes/Djando_venv/LoginSignup/myapp/views.py changed, reloading.
2024-06-29 14:32:50,393 [INFO] Watching for file changes with StatReloader
2024-06-29 14:32:54,055 [INFO] "GET /logout/ HTTP/1.1" 302 0
2024-06-29 14:32:54,068 [INFO] "GET /login/ HTTP/1.1" 200 3566
2024-06-29 14:32:55,671 [INFO] "GET /login/ HTTP/1.1" 200 3566
2024-06-29 14:33:03,750 [INFO] "POST /login/ HTTP/1.1" 302 0
2024-06-29 14:33:03,766 [INFO] "GET /home/ HTTP/1.1" 200 1289
2024-06-29 14:33:15,995 [INFO] /Users/veedantbrahmbhatt/Jio/django_codes/Djando_venv/LoginSignup/myapp/views.py changed, reloading.
2024-06-29 14:33:16,620 [INFO] Watching for file changes with StatReloader
2024-06-29 14:34:21,798 [INFO] Watching for file changes with StatReloader
2024-06-29 14:34:23,969 [INFO] "GET / HTTP/1.1" 200 3627
2024-06-29 14:34:25,939 [INFO] "GET /login/ HTTP/1.1" 200 3566
2024-06-29 14:34:34,881 [INFO] "POST /login/ HTTP/1.1" 302 0
2024-06-29 14:34:34,896 [INFO] "GET /home/ HTTP/1.1" 200 1289
2024-06-29 14:36:31,517 [INFO] /Users/veedantbrahmbhatt/Jio/django_codes/Djando_venv/LoginSignup/myapp/views.py changed, reloading.
2024-06-29 14:36:32,002 [INFO] Watching for file changes with StatReloader
2024-06-29 14:36:44,381 [INFO] /Users/veedantbrahmbhatt/Jio/django_codes/Djando_venv/LoginSignup/myapp/views.py changed, reloading.
2024-06-29 14:36:44,841 [INFO] Watching for file changes with StatReloader
2024-06-29 14:36:46,830 [INFO] "GET /logout/ HTTP/1.1" 302 0
2024-06-29 14:36:46,841 [INFO] "GET /login/ HTTP/1.1" 200 3566
2024-06-29 14:36:48,317 [INFO] "GET /login/ HTTP/1.1" 200 3566
2024-06-29 14:36:54,741 [INFO] "POST /login/ HTTP/1.1" 302 0
2024-06-29 14:36:54,755 [INFO] "GET /home/ HTTP/1.1" 200 1289
2024-06-29 14:59:40,296 [INFO] Watching for file changes with StatReloader
2024-06-29 14:59:42,612 [INFO] "GET / HTTP/1.1" 200 3627
2024-06-29 14:59:44,570 [INFO] "GET /login/ HTTP/1.1" 200 3566
2024-06-29 14:59:52,304 [INFO] "POST /login/ HTTP/1.1" 302 0
2024-06-29 14:59:52,318 [INFO] "GET /home/ HTTP/1.1" 200 1649
2024-06-29 15:00:08,369 [INFO] "GET /home/ HTTP/1.1" 302 0
2024-06-29 15:00:08,382 [INFO] "GET /login/?next=/home/ HTTP/1.1" 200 3566
2024-06-29 15:01:23,681 [INFO] Watching for file changes with StatReloader
2024-06-29 15:01:29,271 [INFO] "GET / HTTP/1.1" 200 3627
2024-06-29 15:01:31,184 [INFO] "GET /login/ HTTP/1.1" 200 3566
2024-06-29 15:01:41,395 [INFO] "POST /login/ HTTP/1.1" 302 0
2024-06-29 15:01:41,410 [INFO] "GET /home/ HTTP/1.1" 200 1649
2024-06-29 15:01:57,457 [INFO] "GET /home/ HTTP/1.1" 302 0
2024-06-29 15:01:57,473 [INFO] "GET /login/?next=/home/ HTTP/1.1" 200 3566
